<?xml version="1.0" encoding="UTF-8"?>
<robot generator="Robot 5.0.1 (Python 3.10.4 on win32)" generated="20220606 17:16:28.854" rpa="false" schemaversion="3">
<suite id="s1" name="Reqresgetlist" source="C:\Users\vanit\PycharmProjects\CassiniSystemsInterview\Tests\reqresgetlist.robot">
<test id="s1-t1" name="Verify request response is Successful" line="9">
<kw name="GET" library="REST">
<var>${jsonGet}</var>
<arg>api/unknown</arg>
<tag>http</tag>
<doc>*Sends a GET request to the endpoint.*</doc>
<msg timestamp="20220606 17:16:29.448" level="INFO">${jsonGet} = {'seconds': 0.081173, 'status': 200, 'reason': 'OK', 'body': {'page': 1, 'per_page': 6, 'total': 12, 'total_pages': 2, 'data': [{'id': 1, 'name': 'cerulean', 'year': 2000, 'color': '#98B2D1', 'pantone...</msg>
<status status="PASS" starttime="20220606 17:16:29.355" endtime="20220606 17:16:29.448"/>
</kw>
<kw name="Get From Dictionary" library="Collections">
<var>${status}</var>
<arg>${jsonGet}</arg>
<arg>status</arg>
<doc>Returns a value from the given ``dictionary`` based on the given ``key``.</doc>
<msg timestamp="20220606 17:16:29.448" level="INFO">${status} = 200</msg>
<status status="PASS" starttime="20220606 17:16:29.448" endtime="20220606 17:16:29.448"/>
</kw>
<kw name="Should Be Equal As Strings" library="BuiltIn">
<arg>${status}</arg>
<arg>200</arg>
<doc>Fails if objects are unequal after converting them to strings.</doc>
<msg timestamp="20220606 17:16:29.448" level="INFO">Argument types are:
&lt;class 'int'&gt;
&lt;class 'str'&gt;</msg>
<status status="PASS" starttime="20220606 17:16:29.448" endtime="20220606 17:16:29.448"/>
</kw>
<kw name="Set Suite Variable" library="BuiltIn">
<arg>${jsonGet}</arg>
<doc>Makes a variable available everywhere within the scope of the current suite.</doc>
<msg timestamp="20220606 17:16:29.448" level="INFO">${jsonGet} = {'seconds': 0.081173, 'status': 200, 'reason': 'OK', 'body': {'page': 1, 'per_page': 6, 'total': 12, 'total_pages': 2, 'data': [{'id': 1, 'name': 'cerulean', 'year': 2000, 'color': '#98B2D1', 'pantone...</msg>
<status status="PASS" starttime="20220606 17:16:29.448" endtime="20220606 17:16:29.448"/>
</kw>
<doc>Get method connects to the URL and receives a response in json and parsed to check  http response of 200</doc>
<status status="PASS" starttime="20220606 17:16:29.355" endtime="20220606 17:16:29.448"/>
</test>
<test id="s1-t2" name="Verify returned json has list of users" line="16">
<kw name="Get From Dictionary" library="Collections">
<var>${body}</var>
<arg>${jsonGet}</arg>
<arg>body</arg>
<doc>Returns a value from the given ``dictionary`` based on the given ``key``.</doc>
<msg timestamp="20220606 17:16:29.464" level="INFO">${body} = {'page': 1, 'per_page': 6, 'total': 12, 'total_pages': 2, 'data': [{'id': 1, 'name': 'cerulean', 'year': 2000, 'color': '#98B2D1', 'pantone_value': '15-4020'}, {'id': 2, 'name': 'fuchsia rose', 'year'...</msg>
<status status="PASS" starttime="20220606 17:16:29.448" endtime="20220606 17:16:29.464"/>
</kw>
<kw name="Get From Dictionary" library="Collections">
<var>${data}</var>
<arg>${body}</arg>
<arg>data</arg>
<doc>Returns a value from the given ``dictionary`` based on the given ``key``.</doc>
<msg timestamp="20220606 17:16:29.464" level="INFO">${data} = [{'id': 1, 'name': 'cerulean', 'year': 2000, 'color': '#98B2D1', 'pantone_value': '15-4020'}, {'id': 2, 'name': 'fuchsia rose', 'year': 2001, 'color': '#C74375', 'pantone_value': '17-2031'}, {'id': 3,...</msg>
<status status="PASS" starttime="20220606 17:16:29.464" endtime="20220606 17:16:29.464"/>
</kw>
<kw name="Get Length" library="BuiltIn">
<var>${counter}</var>
<arg>${data}</arg>
<doc>Returns and logs the length of the given item as an integer.</doc>
<msg timestamp="20220606 17:16:29.464" level="INFO">Length is 6</msg>
<msg timestamp="20220606 17:16:29.464" level="INFO">${counter} = 6</msg>
<status status="PASS" starttime="20220606 17:16:29.464" endtime="20220606 17:16:29.464"/>
</kw>
<kw name="Set Suite Variable" library="BuiltIn">
<arg>${data}</arg>
<doc>Makes a variable available everywhere within the scope of the current suite.</doc>
<msg timestamp="20220606 17:16:29.464" level="INFO">${data} = [{'id': 1, 'name': 'cerulean', 'year': 2000, 'color': '#98B2D1', 'pantone_value': '15-4020'}, {'id': 2, 'name': 'fuchsia rose', 'year': 2001, 'color': '#C74375', 'pantone_value': '17-2031'}, {'id': 3,...</msg>
<status status="PASS" starttime="20220606 17:16:29.464" endtime="20220606 17:16:29.464"/>
</kw>
<kw name="Should Be True" library="BuiltIn">
<arg>${counter} &gt; 0</arg>
<doc>Fails if the given condition is not true.</doc>
<status status="PASS" starttime="20220606 17:16:29.464" endtime="20220606 17:16:29.464"/>
</kw>
<doc>check that user information being returened are greater than zero</doc>
<status status="PASS" starttime="20220606 17:16:29.448" endtime="20220606 17:16:29.464"/>
</test>
<test id="s1-t3" name="Verify the user name blue turquoise" line="24">
<kw name="Should Be Equal As Integers" library="BuiltIn">
<arg>${data[5]['id']}</arg>
<arg>6</arg>
<doc>Fails if objects are unequal after converting them to integers.</doc>
<msg timestamp="20220606 17:16:29.464" level="INFO">Argument types are:
&lt;class 'int'&gt;
&lt;class 'str'&gt;</msg>
<status status="PASS" starttime="20220606 17:16:29.464" endtime="20220606 17:16:29.464"/>
</kw>
<kw name="Should Be Equal" library="BuiltIn">
<arg>${data[5]['name']}</arg>
<arg>blue turquoise</arg>
<doc>Fails if the given objects are unequal.</doc>
<status status="PASS" starttime="20220606 17:16:29.464" endtime="20220606 17:16:29.464"/>
</kw>
<kw name="Should Be Equal As Integers" library="BuiltIn">
<arg>${data[5]['year']}</arg>
<arg>2005</arg>
<doc>Fails if objects are unequal after converting them to integers.</doc>
<msg timestamp="20220606 17:16:29.464" level="INFO">Argument types are:
&lt;class 'int'&gt;
&lt;class 'str'&gt;</msg>
<status status="PASS" starttime="20220606 17:16:29.464" endtime="20220606 17:16:29.464"/>
</kw>
<kw name="Should Be Equal" library="BuiltIn">
<arg>${data[5]['color']}</arg>
<arg>\#53B0AE</arg>
<doc>Fails if the given objects are unequal.</doc>
<status status="PASS" starttime="20220606 17:16:29.464" endtime="20220606 17:16:29.464"/>
</kw>
<kw name="Should Be Equal" library="BuiltIn">
<arg>${data[5]['pantone_value']}</arg>
<arg>15-5217</arg>
<doc>Fails if the given objects are unequal.</doc>
<status status="PASS" starttime="20220606 17:16:29.464" endtime="20220606 17:16:29.464"/>
</kw>
<doc>Compare the dictionary object</doc>
<status status="PASS" starttime="20220606 17:16:29.464" endtime="20220606 17:16:29.464"/>
</test>
<test id="s1-t4" name="Verify the user name tigerlily" line="32">
<kw name="Should Be Equal As Integers" library="BuiltIn">
<arg>${data[4]['id']}</arg>
<arg>5</arg>
<doc>Fails if objects are unequal after converting them to integers.</doc>
<msg timestamp="20220606 17:16:29.464" level="INFO">Argument types are:
&lt;class 'int'&gt;
&lt;class 'str'&gt;</msg>
<status status="PASS" starttime="20220606 17:16:29.464" endtime="20220606 17:16:29.464"/>
</kw>
<kw name="Should Be Equal" library="BuiltIn">
<arg>${data[4]['name']}</arg>
<arg>tigerlily</arg>
<doc>Fails if the given objects are unequal.</doc>
<status status="PASS" starttime="20220606 17:16:29.464" endtime="20220606 17:16:29.464"/>
</kw>
<kw name="Should Be Equal As Integers" library="BuiltIn">
<arg>${data[4]['year']}</arg>
<arg>2004</arg>
<doc>Fails if objects are unequal after converting them to integers.</doc>
<msg timestamp="20220606 17:16:29.464" level="INFO">Argument types are:
&lt;class 'int'&gt;
&lt;class 'str'&gt;</msg>
<status status="PASS" starttime="20220606 17:16:29.464" endtime="20220606 17:16:29.464"/>
</kw>
<kw name="Should Be Equal" library="BuiltIn">
<arg>${data[4]['color']}</arg>
<arg>\#E2583E</arg>
<doc>Fails if the given objects are unequal.</doc>
<status status="PASS" starttime="20220606 17:16:29.464" endtime="20220606 17:16:29.464"/>
</kw>
<kw name="Should Be Equal" library="BuiltIn">
<arg>${data[4]['pantone_value']}</arg>
<arg>17-1456</arg>
<doc>Fails if the given objects are unequal.</doc>
<status status="PASS" starttime="20220606 17:16:29.464" endtime="20220606 17:16:29.464"/>
</kw>
<doc>Compare the dictionary object</doc>
<status status="PASS" starttime="20220606 17:16:29.464" endtime="20220606 17:16:29.464"/>
</test>
<status status="PASS" starttime="20220606 17:16:28.854" endtime="20220606 17:16:29.464"/>
</suite>
<statistics>
<total>
<stat pass="4" fail="0" skip="0">All Tests</stat>
</total>
<tag>
</tag>
<suite>
<stat pass="4" fail="0" skip="0" id="s1" name="Reqresgetlist">Reqresgetlist</stat>
</suite>
</statistics>
<errors>
</errors>
</robot>
