<?xml version="1.0" encoding="UTF-8"?>
<robot generator="Robot 5.0.1 (Python 3.10.4 on win32)" generated="20220607 00:23:56.983" rpa="false" schemaversion="3">
<suite id="s1" name="Reqresloginunsuccessful" source="C:\Users\vanit\PycharmProjects\CassiniSystemsInterview\Tests\reqresloginunsuccessful.robot">
<test id="s1-t1" name="Verify login is unsuccesfull when supplied wrong emailid" line="9">
<kw name="POST" library="REST">
<var>${jsonGet}</var>
<arg>api/login</arg>
<arg>{ "email": "wrong.email@reqres.in", "password": "wrongpassword" }</arg>
<tag>http</tag>
<doc>*Sends a POST request to the endpoint.*</doc>
<msg timestamp="20220607 00:23:57.196" level="INFO">${jsonGet} = {'seconds': 0.099205, 'status': 400, 'reason': 'Bad Request', 'body': {'error': 'user not found'}, 'headers': {'Date': 'Mon, 06 Jun 2022 23:23:57 GMT', 'Content-Type': 'application/json; charset=utf-8...</msg>
<status status="PASS" starttime="20220607 00:23:57.051" endtime="20220607 00:23:57.196"/>
</kw>
<kw name="Get From Dictionary" library="Collections">
<var>${status}</var>
<arg>${jsonGet}</arg>
<arg>status</arg>
<doc>Returns a value from the given ``dictionary`` based on the given ``key``.</doc>
<msg timestamp="20220607 00:23:57.197" level="INFO">${status} = 400</msg>
<status status="PASS" starttime="20220607 00:23:57.196" endtime="20220607 00:23:57.197"/>
</kw>
<kw name="Should Be Equal As Strings" library="BuiltIn">
<arg>${status}</arg>
<arg>400</arg>
<doc>Fails if objects are unequal after converting them to strings.</doc>
<msg timestamp="20220607 00:23:57.197" level="INFO">Argument types are:
&lt;class 'int'&gt;
&lt;class 'str'&gt;</msg>
<status status="PASS" starttime="20220607 00:23:57.197" endtime="20220607 00:23:57.197"/>
</kw>
<kw name="Set Suite Variable" library="BuiltIn">
<arg>${jsonGet}</arg>
<doc>Makes a variable available everywhere within the scope of the current suite.</doc>
<msg timestamp="20220607 00:23:57.198" level="INFO">${jsonGet} = {'seconds': 0.099205, 'status': 400, 'reason': 'Bad Request', 'body': {'error': 'user not found'}, 'headers': {'Date': 'Mon, 06 Jun 2022 23:23:57 GMT', 'Content-Type': 'application/json; charset=utf-8...</msg>
<status status="PASS" starttime="20220607 00:23:57.197" endtime="20220607 00:23:57.198"/>
</kw>
<doc>Post login</doc>
<status status="PASS" starttime="20220607 00:23:57.050" endtime="20220607 00:23:57.198"/>
</test>
<test id="s1-t2" name="Verify returned error message as invalid user" line="16">
<kw name="Get From Dictionary" library="Collections">
<var>${body}</var>
<arg>${jsonGet}</arg>
<arg>body</arg>
<doc>Returns a value from the given ``dictionary`` based on the given ``key``.</doc>
<msg timestamp="20220607 00:23:57.200" level="INFO">${body} = {'error': 'user not found'}</msg>
<status status="PASS" starttime="20220607 00:23:57.199" endtime="20220607 00:23:57.200"/>
</kw>
<kw name="Should Be Equal" library="BuiltIn">
<arg>${body['error']}</arg>
<arg>user not found</arg>
<doc>Fails if the given objects are unequal.</doc>
<status status="PASS" starttime="20220607 00:23:57.200" endtime="20220607 00:23:57.201"/>
</kw>
<doc>check that user information being returened are greater than zero</doc>
<status status="PASS" starttime="20220607 00:23:57.199" endtime="20220607 00:23:57.201"/>
</test>
<test id="s1-t3" name="Verify login is unsuccesfull when supplied no password" line="21">
<kw name="POST" library="REST">
<var>${jsonGet}</var>
<arg>api/login</arg>
<arg>{ "email": "wrong.email@reqres.in"  }</arg>
<tag>http</tag>
<doc>*Sends a POST request to the endpoint.*</doc>
<msg timestamp="20220607 00:23:57.304" level="INFO">${jsonGet} = {'seconds': 0.095706, 'status': 400, 'reason': 'Bad Request', 'body': {'error': 'Missing password'}, 'headers': {'Date': 'Mon, 06 Jun 2022 23:23:57 GMT', 'Content-Type': 'application/json; charset=utf...</msg>
<status status="PASS" starttime="20220607 00:23:57.202" endtime="20220607 00:23:57.304"/>
</kw>
<kw name="Get From Dictionary" library="Collections">
<var>${status}</var>
<arg>${jsonGet}</arg>
<arg>status</arg>
<doc>Returns a value from the given ``dictionary`` based on the given ``key``.</doc>
<msg timestamp="20220607 00:23:57.305" level="INFO">${status} = 400</msg>
<status status="PASS" starttime="20220607 00:23:57.304" endtime="20220607 00:23:57.305"/>
</kw>
<kw name="Should Be Equal As Strings" library="BuiltIn">
<arg>${status}</arg>
<arg>400</arg>
<doc>Fails if objects are unequal after converting them to strings.</doc>
<msg timestamp="20220607 00:23:57.305" level="INFO">Argument types are:
&lt;class 'int'&gt;
&lt;class 'str'&gt;</msg>
<status status="PASS" starttime="20220607 00:23:57.305" endtime="20220607 00:23:57.305"/>
</kw>
<kw name="Set Suite Variable" library="BuiltIn">
<arg>${jsonGet}</arg>
<doc>Makes a variable available everywhere within the scope of the current suite.</doc>
<msg timestamp="20220607 00:23:57.306" level="INFO">${jsonGet} = {'seconds': 0.095706, 'status': 400, 'reason': 'Bad Request', 'body': {'error': 'Missing password'}, 'headers': {'Date': 'Mon, 06 Jun 2022 23:23:57 GMT', 'Content-Type': 'application/json; charset=utf...</msg>
<status status="PASS" starttime="20220607 00:23:57.306" endtime="20220607 00:23:57.306"/>
</kw>
<doc>Post login</doc>
<status status="PASS" starttime="20220607 00:23:57.201" endtime="20220607 00:23:57.307"/>
</test>
<test id="s1-t4" name="Verify returned error message as Missing Password" line="28">
<kw name="Get From Dictionary" library="Collections">
<var>${body}</var>
<arg>${jsonGet}</arg>
<arg>body</arg>
<doc>Returns a value from the given ``dictionary`` based on the given ``key``.</doc>
<msg timestamp="20220607 00:23:57.310" level="INFO">${body} = {'error': 'Missing password'}</msg>
<status status="PASS" starttime="20220607 00:23:57.309" endtime="20220607 00:23:57.310"/>
</kw>
<kw name="Should Be Equal" library="BuiltIn">
<arg>${body['error']}</arg>
<arg>Missing password</arg>
<doc>Fails if the given objects are unequal.</doc>
<status status="PASS" starttime="20220607 00:23:57.310" endtime="20220607 00:23:57.311"/>
</kw>
<doc>check that user information being returened are greater than zero</doc>
<status status="PASS" starttime="20220607 00:23:57.308" endtime="20220607 00:23:57.311"/>
</test>
<status status="PASS" starttime="20220607 00:23:56.985" endtime="20220607 00:23:57.312"/>
</suite>
<statistics>
<total>
<stat pass="4" fail="0" skip="0">All Tests</stat>
</total>
<tag>
</tag>
<suite>
<stat pass="4" fail="0" skip="0" id="s1" name="Reqresloginunsuccessful">Reqresloginunsuccessful</stat>
</suite>
</statistics>
<errors>
</errors>
</robot>
