<?xml version="1.0" encoding="UTF-8"?>
<robot generator="Robot 5.0.1 (Python 3.10.4 on win32)" generated="20220606 17:16:31.854" rpa="false" schemaversion="3">
<suite id="s1" name="Reqresputupdate" source="C:\Users\vanit\PycharmProjects\CassiniSystemsInterview\Tests\reqresputupdate.robot">
<test id="s1-t1" name="Verify PUT Update  is Successful" line="10">
<kw name="PUT" library="REST">
<var>${jsonGet}</var>
<arg>api/users/2</arg>
<arg>{ "name":"morpheus", "job":"zion resident" }</arg>
<tag>http</tag>
<doc>*Sends a PUT request to the endpoint.*</doc>
<msg timestamp="20220606 17:16:32.026" level="INFO">${jsonGet} = {'seconds': 0.111718, 'status': 200, 'reason': 'OK', 'body': {'name': 'morpheus', 'job': 'zion resident', 'updatedAt': '2022-06-06T16:16:34.462Z'}, 'headers': {'Date': 'Mon, 06 Jun 2022 16:16:34 GMT',...</msg>
<status status="PASS" starttime="20220606 17:16:31.901" endtime="20220606 17:16:32.026"/>
</kw>
<kw name="Get From Dictionary" library="Collections">
<var>${status}</var>
<arg>${jsonGet}</arg>
<arg>status</arg>
<doc>Returns a value from the given ``dictionary`` based on the given ``key``.</doc>
<msg timestamp="20220606 17:16:32.026" level="INFO">${status} = 200</msg>
<status status="PASS" starttime="20220606 17:16:32.026" endtime="20220606 17:16:32.026"/>
</kw>
<kw name="Should Be Equal As Strings" library="BuiltIn">
<arg>${status}</arg>
<arg>200</arg>
<doc>Fails if objects are unequal after converting them to strings.</doc>
<msg timestamp="20220606 17:16:32.026" level="INFO">Argument types are:
&lt;class 'int'&gt;
&lt;class 'str'&gt;</msg>
<status status="PASS" starttime="20220606 17:16:32.026" endtime="20220606 17:16:32.026"/>
</kw>
<kw name="Set Suite Variable" library="BuiltIn">
<arg>${jsonGet}</arg>
<doc>Makes a variable available everywhere within the scope of the current suite.</doc>
<msg timestamp="20220606 17:16:32.042" level="INFO">${jsonGet} = {'seconds': 0.111718, 'status': 200, 'reason': 'OK', 'body': {'name': 'morpheus', 'job': 'zion resident', 'updatedAt': '2022-06-06T16:16:34.462Z'}, 'headers': {'Date': 'Mon, 06 Jun 2022 16:16:34 GMT',...</msg>
<status status="PASS" starttime="20220606 17:16:32.026" endtime="20220606 17:16:32.042"/>
</kw>
<doc>PUT Update</doc>
<status status="PASS" starttime="20220606 17:16:31.886" endtime="20220606 17:16:32.042"/>
</test>
<test id="s1-t2" name="Verify the name, job, update are valid" line="17">
<kw name="Get From Dictionary" library="Collections">
<var>${body}</var>
<arg>${jsonGet}</arg>
<arg>body</arg>
<doc>Returns a value from the given ``dictionary`` based on the given ``key``.</doc>
<msg timestamp="20220606 17:16:32.042" level="INFO">${body} = {'name': 'morpheus', 'job': 'zion resident', 'updatedAt': '2022-06-06T16:16:34.462Z'}</msg>
<status status="PASS" starttime="20220606 17:16:32.042" endtime="20220606 17:16:32.042"/>
</kw>
<kw name="Should Be Equal" library="BuiltIn">
<arg>${body['name']}</arg>
<arg>morpheus</arg>
<doc>Fails if the given objects are unequal.</doc>
<status status="PASS" starttime="20220606 17:16:32.042" endtime="20220606 17:16:32.042"/>
</kw>
<kw name="Should Be Equal" library="BuiltIn">
<arg>${body['job']}</arg>
<arg>zion resident</arg>
<doc>Fails if the given objects are unequal.</doc>
<status status="PASS" starttime="20220606 17:16:32.042" endtime="20220606 17:16:32.042"/>
</kw>
<kw name="Get Current Date" library="DateTime">
<var>${date}</var>
<arg>result_format=%Y-%m-%d</arg>
<doc>Returns current local or UTC time with an optional increment.</doc>
<msg timestamp="20220606 17:16:32.042" level="INFO">${date} = 2022-06-06</msg>
<status status="PASS" starttime="20220606 17:16:32.042" endtime="20220606 17:16:32.042"/>
</kw>
<kw name="Convert Date" library="DateTime">
<var>${returneddate}</var>
<arg>${body['updatedAt']}</arg>
<arg>result_format=%Y-%m-%d</arg>
<doc>Converts between supported `date formats`.</doc>
<msg timestamp="20220606 17:16:32.058" level="INFO">${returneddate} = 2022-06-06</msg>
<status status="PASS" starttime="20220606 17:16:32.042" endtime="20220606 17:16:32.058"/>
</kw>
<kw name="Should Be Equal" library="BuiltIn">
<arg>${date}</arg>
<arg>${returneddate}</arg>
<doc>Fails if the given objects are unequal.</doc>
<status status="PASS" starttime="20220606 17:16:32.058" endtime="20220606 17:16:32.058"/>
</kw>
<doc>put operation is successful</doc>
<status status="PASS" starttime="20220606 17:16:32.042" endtime="20220606 17:16:32.058"/>
</test>
<test id="s1-t3" name="Verify PUT Update  is Successful for anothe user" line="26">
<kw name="PUT" library="REST">
<var>${jsonGet}</var>
<arg>api/users</arg>
<arg>{ "name":"vanitha", "job":"tester" }</arg>
<tag>http</tag>
<doc>*Sends a PUT request to the endpoint.*</doc>
<msg timestamp="20220606 17:16:32.198" level="INFO">${jsonGet} = {'seconds': 0.13014799999999999, 'status': 200, 'reason': 'OK', 'body': {'name': 'vanitha', 'job': 'tester', 'updatedAt': '2022-06-06T16:16:34.649Z'}, 'headers': {'Date': 'Mon, 06 Jun 2022 16:16:34 GM...</msg>
<status status="PASS" starttime="20220606 17:16:32.058" endtime="20220606 17:16:32.198"/>
</kw>
<kw name="Get From Dictionary" library="Collections">
<var>${status}</var>
<arg>${jsonGet}</arg>
<arg>status</arg>
<doc>Returns a value from the given ``dictionary`` based on the given ``key``.</doc>
<msg timestamp="20220606 17:16:32.198" level="INFO">${status} = 200</msg>
<status status="PASS" starttime="20220606 17:16:32.198" endtime="20220606 17:16:32.198"/>
</kw>
<kw name="Should Be Equal As Strings" library="BuiltIn">
<arg>${status}</arg>
<arg>200</arg>
<doc>Fails if objects are unequal after converting them to strings.</doc>
<msg timestamp="20220606 17:16:32.198" level="INFO">Argument types are:
&lt;class 'int'&gt;
&lt;class 'str'&gt;</msg>
<status status="PASS" starttime="20220606 17:16:32.198" endtime="20220606 17:16:32.198"/>
</kw>
<kw name="Set Suite Variable" library="BuiltIn">
<arg>${jsonGet}</arg>
<doc>Makes a variable available everywhere within the scope of the current suite.</doc>
<msg timestamp="20220606 17:16:32.198" level="INFO">${jsonGet} = {'seconds': 0.13014799999999999, 'status': 200, 'reason': 'OK', 'body': {'name': 'vanitha', 'job': 'tester', 'updatedAt': '2022-06-06T16:16:34.649Z'}, 'headers': {'Date': 'Mon, 06 Jun 2022 16:16:34 GM...</msg>
<status status="PASS" starttime="20220606 17:16:32.198" endtime="20220606 17:16:32.198"/>
</kw>
<doc>PUT Update</doc>
<status status="PASS" starttime="20220606 17:16:32.058" endtime="20220606 17:16:32.198"/>
</test>
<test id="s1-t4" name="Verify the token, name, password, id are valid for 2nd user" line="33">
<kw name="Get From Dictionary" library="Collections">
<var>${body}</var>
<arg>${jsonGet}</arg>
<arg>body</arg>
<doc>Returns a value from the given ``dictionary`` based on the given ``key``.</doc>
<msg timestamp="20220606 17:16:32.198" level="INFO">${body} = {'name': 'vanitha', 'job': 'tester', 'updatedAt': '2022-06-06T16:16:34.649Z'}</msg>
<status status="PASS" starttime="20220606 17:16:32.198" endtime="20220606 17:16:32.198"/>
</kw>
<kw name="Should Be Equal" library="BuiltIn">
<arg>${body['name']}</arg>
<arg>vanitha</arg>
<doc>Fails if the given objects are unequal.</doc>
<status status="PASS" starttime="20220606 17:16:32.198" endtime="20220606 17:16:32.198"/>
</kw>
<kw name="Should Be Equal" library="BuiltIn">
<arg>${body['job']}</arg>
<arg>tester</arg>
<doc>Fails if the given objects are unequal.</doc>
<status status="PASS" starttime="20220606 17:16:32.198" endtime="20220606 17:16:32.198"/>
</kw>
<kw name="Get Current Date" library="DateTime">
<var>${date}</var>
<arg>result_format=%Y-%m-%d</arg>
<doc>Returns current local or UTC time with an optional increment.</doc>
<msg timestamp="20220606 17:16:32.198" level="INFO">${date} = 2022-06-06</msg>
<status status="PASS" starttime="20220606 17:16:32.198" endtime="20220606 17:16:32.198"/>
</kw>
<kw name="Convert Date" library="DateTime">
<var>${returneddate}</var>
<arg>${body['updatedAt']}</arg>
<arg>result_format=%Y-%m-%d</arg>
<doc>Converts between supported `date formats`.</doc>
<msg timestamp="20220606 17:16:32.198" level="INFO">${returneddate} = 2022-06-06</msg>
<status status="PASS" starttime="20220606 17:16:32.198" endtime="20220606 17:16:32.198"/>
</kw>
<kw name="Should Be Equal" library="BuiltIn">
<arg>${date}</arg>
<arg>${returneddate}</arg>
<doc>Fails if the given objects are unequal.</doc>
<status status="PASS" starttime="20220606 17:16:32.198" endtime="20220606 17:16:32.198"/>
</kw>
<doc>PUT operation is successful</doc>
<status status="PASS" starttime="20220606 17:16:32.198" endtime="20220606 17:16:32.198"/>
</test>
<test id="s1-t5" name="Verify PUT Update  is Successful for random user" line="43">
<kw name="PUT" library="REST">
<var>${jsonGet}</var>
<arg>api/users</arg>
<arg>{ "name":"abcddfasdf", "job":"tester" }</arg>
<tag>http</tag>
<doc>*Sends a PUT request to the endpoint.*</doc>
<msg timestamp="20220606 17:16:32.356" level="INFO">${jsonGet} = {'seconds': 0.13884800000000003, 'status': 200, 'reason': 'OK', 'body': {'name': 'abcddfasdf', 'job': 'tester', 'updatedAt': '2022-06-06T16:16:34.774Z'}, 'headers': {'Date': 'Mon, 06 Jun 2022 16:16:34...</msg>
<status status="PASS" starttime="20220606 17:16:32.198" endtime="20220606 17:16:32.356"/>
</kw>
<kw name="Get From Dictionary" library="Collections">
<var>${status}</var>
<arg>${jsonGet}</arg>
<arg>status</arg>
<doc>Returns a value from the given ``dictionary`` based on the given ``key``.</doc>
<msg timestamp="20220606 17:16:32.356" level="INFO">${status} = 200</msg>
<status status="PASS" starttime="20220606 17:16:32.356" endtime="20220606 17:16:32.356"/>
</kw>
<kw name="Should Be Equal As Strings" library="BuiltIn">
<arg>${status}</arg>
<arg>200</arg>
<doc>Fails if objects are unequal after converting them to strings.</doc>
<msg timestamp="20220606 17:16:32.356" level="INFO">Argument types are:
&lt;class 'int'&gt;
&lt;class 'str'&gt;</msg>
<status status="PASS" starttime="20220606 17:16:32.356" endtime="20220606 17:16:32.356"/>
</kw>
<kw name="Set Suite Variable" library="BuiltIn">
<arg>${jsonGet}</arg>
<doc>Makes a variable available everywhere within the scope of the current suite.</doc>
<msg timestamp="20220606 17:16:32.356" level="INFO">${jsonGet} = {'seconds': 0.13884800000000003, 'status': 200, 'reason': 'OK', 'body': {'name': 'abcddfasdf', 'job': 'tester', 'updatedAt': '2022-06-06T16:16:34.774Z'}, 'headers': {'Date': 'Mon, 06 Jun 2022 16:16:34...</msg>
<status status="PASS" starttime="20220606 17:16:32.356" endtime="20220606 17:16:32.356"/>
</kw>
<doc>PUT Update</doc>
<status status="PASS" starttime="20220606 17:16:32.198" endtime="20220606 17:16:32.356"/>
</test>
<test id="s1-t6" name="Verify the token, name, password, id are valid for random user" line="50">
<kw name="Get From Dictionary" library="Collections">
<var>${body}</var>
<arg>${jsonGet}</arg>
<arg>body</arg>
<doc>Returns a value from the given ``dictionary`` based on the given ``key``.</doc>
<msg timestamp="20220606 17:16:32.356" level="INFO">${body} = {'name': 'abcddfasdf', 'job': 'tester', 'updatedAt': '2022-06-06T16:16:34.774Z'}</msg>
<status status="PASS" starttime="20220606 17:16:32.356" endtime="20220606 17:16:32.356"/>
</kw>
<kw name="Should Be Equal" library="BuiltIn">
<arg>${body['name']}</arg>
<arg>abcddfasdf</arg>
<doc>Fails if the given objects are unequal.</doc>
<status status="PASS" starttime="20220606 17:16:32.356" endtime="20220606 17:16:32.356"/>
</kw>
<kw name="Should Be Equal" library="BuiltIn">
<arg>${body['job']}</arg>
<arg>tester</arg>
<doc>Fails if the given objects are unequal.</doc>
<status status="PASS" starttime="20220606 17:16:32.356" endtime="20220606 17:16:32.356"/>
</kw>
<kw name="Get Current Date" library="DateTime">
<var>${date}</var>
<arg>result_format=%Y-%m-%d</arg>
<doc>Returns current local or UTC time with an optional increment.</doc>
<msg timestamp="20220606 17:16:32.356" level="INFO">${date} = 2022-06-06</msg>
<status status="PASS" starttime="20220606 17:16:32.356" endtime="20220606 17:16:32.356"/>
</kw>
<kw name="Convert Date" library="DateTime">
<var>${returneddate}</var>
<arg>${body['updatedAt']}</arg>
<arg>result_format=%Y-%m-%d</arg>
<doc>Converts between supported `date formats`.</doc>
<msg timestamp="20220606 17:16:32.356" level="INFO">${returneddate} = 2022-06-06</msg>
<status status="PASS" starttime="20220606 17:16:32.356" endtime="20220606 17:16:32.356"/>
</kw>
<kw name="Should Be Equal" library="BuiltIn">
<arg>${date}</arg>
<arg>${returneddate}</arg>
<doc>Fails if the given objects are unequal.</doc>
<status status="PASS" starttime="20220606 17:16:32.356" endtime="20220606 17:16:32.356"/>
</kw>
<doc>PUT operation is successful</doc>
<status status="PASS" starttime="20220606 17:16:32.356" endtime="20220606 17:16:32.356"/>
</test>
<status status="PASS" starttime="20220606 17:16:31.854" endtime="20220606 17:16:32.356"/>
</suite>
<statistics>
<total>
<stat pass="6" fail="0" skip="0">All Tests</stat>
</total>
<tag>
</tag>
<suite>
<stat pass="6" fail="0" skip="0" id="s1" name="Reqresputupdate">Reqresputupdate</stat>
</suite>
</statistics>
<errors>
</errors>
</robot>
