<?xml version="1.0" encoding="UTF-8"?>
<robot generator="Robot 5.0.1 (Python 3.10.4 on win32)" generated="20220606 17:16:30.214" rpa="false" schemaversion="3">
<suite id="s1" name="Reqrespostregister" source="C:\Users\vanit\PycharmProjects\CassiniSystemsInterview\Tests\reqrespostregister.robot">
<test id="s1-t1" name="Verify register is Successful" line="8">
<kw name="POST" library="REST">
<var>${jsonGet}</var>
<arg>api/register</arg>
<arg>{ "email":"eve.holt@reqres.in", "password":"pistol" }</arg>
<tag>http</tag>
<doc>*Sends a POST request to the endpoint.*</doc>
<msg timestamp="20220606 17:16:30.402" level="INFO">${jsonGet} = {'seconds': 0.108893, 'status': 200, 'reason': 'OK', 'body': {'id': 4, 'token': 'QpwL5tke4Pnpja7X4'}, 'headers': {'Date': 'Mon, 06 Jun 2022 16:16:32 GMT', 'Content-Type': 'application/json; charset=ut...</msg>
<status status="PASS" starttime="20220606 17:16:30.276" endtime="20220606 17:16:30.402"/>
</kw>
<kw name="Get From Dictionary" library="Collections">
<var>${status}</var>
<arg>${jsonGet}</arg>
<arg>status</arg>
<doc>Returns a value from the given ``dictionary`` based on the given ``key``.</doc>
<msg timestamp="20220606 17:16:30.402" level="INFO">${status} = 200</msg>
<status status="PASS" starttime="20220606 17:16:30.402" endtime="20220606 17:16:30.402"/>
</kw>
<kw name="Should Be Equal As Strings" library="BuiltIn">
<arg>${status}</arg>
<arg>200</arg>
<doc>Fails if objects are unequal after converting them to strings.</doc>
<msg timestamp="20220606 17:16:30.402" level="INFO">Argument types are:
&lt;class 'int'&gt;
&lt;class 'str'&gt;</msg>
<status status="PASS" starttime="20220606 17:16:30.402" endtime="20220606 17:16:30.402"/>
</kw>
<kw name="Set Suite Variable" library="BuiltIn">
<arg>${jsonGet}</arg>
<doc>Makes a variable available everywhere within the scope of the current suite.</doc>
<msg timestamp="20220606 17:16:30.402" level="INFO">${jsonGet} = {'seconds': 0.108893, 'status': 200, 'reason': 'OK', 'body': {'id': 4, 'token': 'QpwL5tke4Pnpja7X4'}, 'headers': {'Date': 'Mon, 06 Jun 2022 16:16:32 GMT', 'Content-Type': 'application/json; charset=ut...</msg>
<status status="PASS" starttime="20220606 17:16:30.402" endtime="20220606 17:16:30.402"/>
</kw>
<doc>Post login</doc>
<status status="PASS" starttime="20220606 17:16:30.276" endtime="20220606 17:16:30.402"/>
</test>
<test id="s1-t2" name="Verify login is Successful with any password" line="15">
<kw name="POST" library="REST">
<var>${jsonGet}</var>
<arg>api/register</arg>
<arg>{ "email": "eve.holt@reqres.in", "password": "testpassword" }</arg>
<tag>http</tag>
<doc>*Sends a POST request to the endpoint.*</doc>
<msg timestamp="20220606 17:16:30.511" level="INFO">${jsonGet} = {'seconds': 0.10106399999999999, 'status': 200, 'reason': 'OK', 'body': {'id': 4, 'token': 'QpwL5tke4Pnpja7X4'}, 'headers': {'Date': 'Mon, 06 Jun 2022 16:16:32 GMT', 'Content-Type': 'application/json;...</msg>
<status status="PASS" starttime="20220606 17:16:30.402" endtime="20220606 17:16:30.511"/>
</kw>
<kw name="Get From Dictionary" library="Collections">
<var>${status}</var>
<arg>${jsonGet}</arg>
<arg>status</arg>
<doc>Returns a value from the given ``dictionary`` based on the given ``key``.</doc>
<msg timestamp="20220606 17:16:30.511" level="INFO">${status} = 200</msg>
<status status="PASS" starttime="20220606 17:16:30.511" endtime="20220606 17:16:30.511"/>
</kw>
<kw name="Should Be Equal As Strings" library="BuiltIn">
<arg>${status}</arg>
<arg>200</arg>
<doc>Fails if objects are unequal after converting them to strings.</doc>
<msg timestamp="20220606 17:16:30.511" level="INFO">Argument types are:
&lt;class 'int'&gt;
&lt;class 'str'&gt;</msg>
<status status="PASS" starttime="20220606 17:16:30.511" endtime="20220606 17:16:30.511"/>
</kw>
<kw name="Set Suite Variable" library="BuiltIn">
<arg>${jsonGet}</arg>
<doc>Makes a variable available everywhere within the scope of the current suite.</doc>
<msg timestamp="20220606 17:16:30.527" level="INFO">${jsonGet} = {'seconds': 0.10106399999999999, 'status': 200, 'reason': 'OK', 'body': {'id': 4, 'token': 'QpwL5tke4Pnpja7X4'}, 'headers': {'Date': 'Mon, 06 Jun 2022 16:16:32 GMT', 'Content-Type': 'application/json;...</msg>
<status status="PASS" starttime="20220606 17:16:30.527" endtime="20220606 17:16:30.527"/>
</kw>
<doc>login is successful</doc>
<status status="PASS" starttime="20220606 17:16:30.402" endtime="20220606 17:16:30.527"/>
</test>
<test id="s1-t3" name="Verify the token is valid" line="22">
<kw name="Get From Dictionary" library="Collections">
<var>${body}</var>
<arg>${jsonGet}</arg>
<arg>body</arg>
<doc>Returns a value from the given ``dictionary`` based on the given ``key``.</doc>
<msg timestamp="20220606 17:16:30.527" level="INFO">${body} = {'id': 4, 'token': 'QpwL5tke4Pnpja7X4'}</msg>
<status status="PASS" starttime="20220606 17:16:30.527" endtime="20220606 17:16:30.527"/>
</kw>
<kw name="Should Be Equal" library="BuiltIn">
<arg>${body['token']}</arg>
<arg>QpwL5tke4Pnpja7X4</arg>
<doc>Fails if the given objects are unequal.</doc>
<status status="PASS" starttime="20220606 17:16:30.527" endtime="20220606 17:16:30.542"/>
</kw>
<doc>login is successful</doc>
<status status="PASS" starttime="20220606 17:16:30.527" endtime="20220606 17:16:30.542"/>
</test>
<status status="PASS" starttime="20220606 17:16:30.214" endtime="20220606 17:16:30.542"/>
</suite>
<statistics>
<total>
<stat pass="3" fail="0" skip="0">All Tests</stat>
</total>
<tag>
</tag>
<suite>
<stat pass="3" fail="0" skip="0" id="s1" name="Reqrespostregister">Reqrespostregister</stat>
</suite>
</statistics>
<errors>
</errors>
</robot>
