<?xml version="1.0" encoding="UTF-8"?>
<robot generator="Robot 5.0.1 (Python 3.10.4 on win32)" generated="20220607 00:23:58.938" rpa="false" schemaversion="3">
<suite id="s1" name="Reqresputupdate" source="C:\Users\vanit\PycharmProjects\CassiniSystemsInterview\Tests\reqresputupdate.robot">
<test id="s1-t1" name="Verify PUT Update  is Successful" line="10">
<kw name="PUT" library="REST">
<var>${jsonGet}</var>
<arg>api/users/2</arg>
<arg>{ "name":"morpheus", "job":"zion resident" }</arg>
<tag>http</tag>
<doc>*Sends a PUT request to the endpoint.*</doc>
<msg timestamp="20220607 00:23:59.125" level="INFO">${jsonGet} = {'seconds': 0.11970900000000001, 'status': 200, 'reason': 'OK', 'body': {'name': 'morpheus', 'job': 'zion resident', 'updatedAt': '2022-06-06T23:23:59.265Z'}, 'headers': {'Date': 'Mon, 06 Jun 2022 23:...</msg>
<status status="PASS" starttime="20220607 00:23:59.000" endtime="20220607 00:23:59.125"/>
</kw>
<kw name="Get From Dictionary" library="Collections">
<var>${status}</var>
<arg>${jsonGet}</arg>
<arg>status</arg>
<doc>Returns a value from the given ``dictionary`` based on the given ``key``.</doc>
<msg timestamp="20220607 00:23:59.126" level="INFO">${status} = 200</msg>
<status status="PASS" starttime="20220607 00:23:59.125" endtime="20220607 00:23:59.126"/>
</kw>
<kw name="Should Be Equal As Strings" library="BuiltIn">
<arg>${status}</arg>
<arg>200</arg>
<doc>Fails if objects are unequal after converting them to strings.</doc>
<msg timestamp="20220607 00:23:59.126" level="INFO">Argument types are:
&lt;class 'int'&gt;
&lt;class 'str'&gt;</msg>
<status status="PASS" starttime="20220607 00:23:59.126" endtime="20220607 00:23:59.126"/>
</kw>
<kw name="Set Suite Variable" library="BuiltIn">
<arg>${jsonGet}</arg>
<doc>Makes a variable available everywhere within the scope of the current suite.</doc>
<msg timestamp="20220607 00:23:59.127" level="INFO">${jsonGet} = {'seconds': 0.11970900000000001, 'status': 200, 'reason': 'OK', 'body': {'name': 'morpheus', 'job': 'zion resident', 'updatedAt': '2022-06-06T23:23:59.265Z'}, 'headers': {'Date': 'Mon, 06 Jun 2022 23:...</msg>
<status status="PASS" starttime="20220607 00:23:59.126" endtime="20220607 00:23:59.127"/>
</kw>
<doc>PUT Update</doc>
<status status="PASS" starttime="20220607 00:23:58.999" endtime="20220607 00:23:59.127"/>
</test>
<test id="s1-t2" name="Verify the name, job, update are valid" line="17">
<kw name="Get From Dictionary" library="Collections">
<var>${body}</var>
<arg>${jsonGet}</arg>
<arg>body</arg>
<doc>Returns a value from the given ``dictionary`` based on the given ``key``.</doc>
<msg timestamp="20220607 00:23:59.128" level="INFO">${body} = {'name': 'morpheus', 'job': 'zion resident', 'updatedAt': '2022-06-06T23:23:59.265Z'}</msg>
<status status="PASS" starttime="20220607 00:23:59.128" endtime="20220607 00:23:59.128"/>
</kw>
<kw name="Should Be Equal" library="BuiltIn">
<arg>${body['name']}</arg>
<arg>morpheus</arg>
<doc>Fails if the given objects are unequal.</doc>
<status status="PASS" starttime="20220607 00:23:59.129" endtime="20220607 00:23:59.130"/>
</kw>
<kw name="Should Be Equal" library="BuiltIn">
<arg>${body['job']}</arg>
<arg>zion resident</arg>
<doc>Fails if the given objects are unequal.</doc>
<status status="PASS" starttime="20220607 00:23:59.130" endtime="20220607 00:23:59.131"/>
</kw>
<kw name="Get Current Date" library="DateTime">
<var>${date}</var>
<arg>result_format=%Y-%m-%d</arg>
<doc>Returns current local or UTC time with an optional increment.</doc>
<msg timestamp="20220607 00:23:59.132" level="INFO">${date} = 2022-06-07</msg>
<status status="PASS" starttime="20220607 00:23:59.131" endtime="20220607 00:23:59.132"/>
</kw>
<kw name="Convert Date" library="DateTime">
<var>${returneddate}</var>
<arg>${body['updatedAt']}</arg>
<arg>result_format=%Y-%m-%d</arg>
<doc>Converts between supported `date formats`.</doc>
<msg timestamp="20220607 00:23:59.133" level="INFO">${returneddate} = 2022-06-06</msg>
<status status="PASS" starttime="20220607 00:23:59.132" endtime="20220607 00:23:59.133"/>
</kw>
<kw name="Should Be Equal" library="BuiltIn">
<arg>${date}</arg>
<arg>${returneddate}</arg>
<doc>Fails if the given objects are unequal.</doc>
<msg timestamp="20220607 00:23:59.134" level="FAIL">2022-06-07 != 2022-06-06</msg>
<status status="FAIL" starttime="20220607 00:23:59.133" endtime="20220607 00:23:59.134"/>
</kw>
<doc>put operation is successful</doc>
<status status="FAIL" starttime="20220607 00:23:59.127" endtime="20220607 00:23:59.135">2022-06-07 != 2022-06-06</status>
</test>
<test id="s1-t3" name="Verify PUT Update  is Successful for anothe user" line="26">
<kw name="PUT" library="REST">
<var>${jsonGet}</var>
<arg>api/users</arg>
<arg>{ "name":"vanitha", "job":"tester" }</arg>
<tag>http</tag>
<doc>*Sends a PUT request to the endpoint.*</doc>
<msg timestamp="20220607 00:23:59.273" level="INFO">${jsonGet} = {'seconds': 0.13044, 'status': 200, 'reason': 'OK', 'body': {'name': 'vanitha', 'job': 'tester', 'updatedAt': '2022-06-06T23:23:59.437Z'}, 'headers': {'Date': 'Mon, 06 Jun 2022 23:23:59 GMT', 'Content...</msg>
<status status="PASS" starttime="20220607 00:23:59.137" endtime="20220607 00:23:59.273"/>
</kw>
<kw name="Get From Dictionary" library="Collections">
<var>${status}</var>
<arg>${jsonGet}</arg>
<arg>status</arg>
<doc>Returns a value from the given ``dictionary`` based on the given ``key``.</doc>
<msg timestamp="20220607 00:23:59.274" level="INFO">${status} = 200</msg>
<status status="PASS" starttime="20220607 00:23:59.274" endtime="20220607 00:23:59.274"/>
</kw>
<kw name="Should Be Equal As Strings" library="BuiltIn">
<arg>${status}</arg>
<arg>200</arg>
<doc>Fails if objects are unequal after converting them to strings.</doc>
<msg timestamp="20220607 00:23:59.275" level="INFO">Argument types are:
&lt;class 'int'&gt;
&lt;class 'str'&gt;</msg>
<status status="PASS" starttime="20220607 00:23:59.275" endtime="20220607 00:23:59.275"/>
</kw>
<kw name="Set Suite Variable" library="BuiltIn">
<arg>${jsonGet}</arg>
<doc>Makes a variable available everywhere within the scope of the current suite.</doc>
<msg timestamp="20220607 00:23:59.276" level="INFO">${jsonGet} = {'seconds': 0.13044, 'status': 200, 'reason': 'OK', 'body': {'name': 'vanitha', 'job': 'tester', 'updatedAt': '2022-06-06T23:23:59.437Z'}, 'headers': {'Date': 'Mon, 06 Jun 2022 23:23:59 GMT', 'Content...</msg>
<status status="PASS" starttime="20220607 00:23:59.275" endtime="20220607 00:23:59.276"/>
</kw>
<doc>PUT Update</doc>
<status status="PASS" starttime="20220607 00:23:59.136" endtime="20220607 00:23:59.276"/>
</test>
<test id="s1-t4" name="Verify the token, name, password, id are valid for 2nd user" line="33">
<kw name="Get From Dictionary" library="Collections">
<var>${body}</var>
<arg>${jsonGet}</arg>
<arg>body</arg>
<doc>Returns a value from the given ``dictionary`` based on the given ``key``.</doc>
<msg timestamp="20220607 00:23:59.279" level="INFO">${body} = {'name': 'vanitha', 'job': 'tester', 'updatedAt': '2022-06-06T23:23:59.437Z'}</msg>
<status status="PASS" starttime="20220607 00:23:59.278" endtime="20220607 00:23:59.279"/>
</kw>
<kw name="Should Be Equal" library="BuiltIn">
<arg>${body['name']}</arg>
<arg>vanitha</arg>
<doc>Fails if the given objects are unequal.</doc>
<status status="PASS" starttime="20220607 00:23:59.279" endtime="20220607 00:23:59.281"/>
</kw>
<kw name="Should Be Equal" library="BuiltIn">
<arg>${body['job']}</arg>
<arg>tester</arg>
<doc>Fails if the given objects are unequal.</doc>
<status status="PASS" starttime="20220607 00:23:59.281" endtime="20220607 00:23:59.283"/>
</kw>
<kw name="Get Current Date" library="DateTime">
<var>${date}</var>
<arg>result_format=%Y-%m-%d</arg>
<doc>Returns current local or UTC time with an optional increment.</doc>
<msg timestamp="20220607 00:23:59.284" level="INFO">${date} = 2022-06-07</msg>
<status status="PASS" starttime="20220607 00:23:59.283" endtime="20220607 00:23:59.284"/>
</kw>
<kw name="Convert Date" library="DateTime">
<var>${returneddate}</var>
<arg>${body['updatedAt']}</arg>
<arg>result_format=%Y-%m-%d</arg>
<doc>Converts between supported `date formats`.</doc>
<msg timestamp="20220607 00:23:59.286" level="INFO">${returneddate} = 2022-06-06</msg>
<status status="PASS" starttime="20220607 00:23:59.284" endtime="20220607 00:23:59.286"/>
</kw>
<kw name="Should Be Equal" library="BuiltIn">
<arg>${date}</arg>
<arg>${returneddate}</arg>
<doc>Fails if the given objects are unequal.</doc>
<msg timestamp="20220607 00:23:59.288" level="FAIL">2022-06-07 != 2022-06-06</msg>
<status status="FAIL" starttime="20220607 00:23:59.286" endtime="20220607 00:23:59.288"/>
</kw>
<doc>PUT operation is successful</doc>
<status status="FAIL" starttime="20220607 00:23:59.277" endtime="20220607 00:23:59.289">2022-06-07 != 2022-06-06</status>
</test>
<test id="s1-t5" name="Verify PUT Update  is Successful for random user" line="43">
<kw name="PUT" library="REST">
<var>${jsonGet}</var>
<arg>api/users</arg>
<arg>{ "name":"abcddfasdf", "job":"tester" }</arg>
<tag>http</tag>
<doc>*Sends a PUT request to the endpoint.*</doc>
<msg timestamp="20220607 00:23:59.409" level="INFO">${jsonGet} = {'seconds': 0.11334000000000001, 'status': 200, 'reason': 'OK', 'body': {'name': 'abcddfasdf', 'job': 'tester', 'updatedAt': '2022-06-06T23:23:59.577Z'}, 'headers': {'Date': 'Mon, 06 Jun 2022 23:23:59...</msg>
<status status="PASS" starttime="20220607 00:23:59.291" endtime="20220607 00:23:59.410"/>
</kw>
<kw name="Get From Dictionary" library="Collections">
<var>${status}</var>
<arg>${jsonGet}</arg>
<arg>status</arg>
<doc>Returns a value from the given ``dictionary`` based on the given ``key``.</doc>
<msg timestamp="20220607 00:23:59.410" level="INFO">${status} = 200</msg>
<status status="PASS" starttime="20220607 00:23:59.410" endtime="20220607 00:23:59.410"/>
</kw>
<kw name="Should Be Equal As Strings" library="BuiltIn">
<arg>${status}</arg>
<arg>200</arg>
<doc>Fails if objects are unequal after converting them to strings.</doc>
<msg timestamp="20220607 00:23:59.411" level="INFO">Argument types are:
&lt;class 'int'&gt;
&lt;class 'str'&gt;</msg>
<status status="PASS" starttime="20220607 00:23:59.411" endtime="20220607 00:23:59.411"/>
</kw>
<kw name="Set Suite Variable" library="BuiltIn">
<arg>${jsonGet}</arg>
<doc>Makes a variable available everywhere within the scope of the current suite.</doc>
<msg timestamp="20220607 00:23:59.412" level="INFO">${jsonGet} = {'seconds': 0.11334000000000001, 'status': 200, 'reason': 'OK', 'body': {'name': 'abcddfasdf', 'job': 'tester', 'updatedAt': '2022-06-06T23:23:59.577Z'}, 'headers': {'Date': 'Mon, 06 Jun 2022 23:23:59...</msg>
<status status="PASS" starttime="20220607 00:23:59.411" endtime="20220607 00:23:59.412"/>
</kw>
<doc>PUT Update</doc>
<status status="PASS" starttime="20220607 00:23:59.289" endtime="20220607 00:23:59.412"/>
</test>
<test id="s1-t6" name="Verify the token, name, password, id are valid for random user" line="50">
<kw name="Get From Dictionary" library="Collections">
<var>${body}</var>
<arg>${jsonGet}</arg>
<arg>body</arg>
<doc>Returns a value from the given ``dictionary`` based on the given ``key``.</doc>
<msg timestamp="20220607 00:23:59.413" level="INFO">${body} = {'name': 'abcddfasdf', 'job': 'tester', 'updatedAt': '2022-06-06T23:23:59.577Z'}</msg>
<status status="PASS" starttime="20220607 00:23:59.413" endtime="20220607 00:23:59.413"/>
</kw>
<kw name="Should Be Equal" library="BuiltIn">
<arg>${body['name']}</arg>
<arg>abcddfasdf</arg>
<doc>Fails if the given objects are unequal.</doc>
<status status="PASS" starttime="20220607 00:23:59.414" endtime="20220607 00:23:59.415"/>
</kw>
<kw name="Should Be Equal" library="BuiltIn">
<arg>${body['job']}</arg>
<arg>tester</arg>
<doc>Fails if the given objects are unequal.</doc>
<status status="PASS" starttime="20220607 00:23:59.415" endtime="20220607 00:23:59.415"/>
</kw>
<kw name="Get Current Date" library="DateTime">
<var>${date}</var>
<arg>result_format=%Y-%m-%d</arg>
<doc>Returns current local or UTC time with an optional increment.</doc>
<msg timestamp="20220607 00:23:59.416" level="INFO">${date} = 2022-06-07</msg>
<status status="PASS" starttime="20220607 00:23:59.415" endtime="20220607 00:23:59.416"/>
</kw>
<kw name="Convert Date" library="DateTime">
<var>${returneddate}</var>
<arg>${body['updatedAt']}</arg>
<arg>result_format=%Y-%m-%d</arg>
<doc>Converts between supported `date formats`.</doc>
<msg timestamp="20220607 00:23:59.417" level="INFO">${returneddate} = 2022-06-06</msg>
<status status="PASS" starttime="20220607 00:23:59.416" endtime="20220607 00:23:59.417"/>
</kw>
<kw name="Should Be Equal" library="BuiltIn">
<arg>${date}</arg>
<arg>${returneddate}</arg>
<doc>Fails if the given objects are unequal.</doc>
<msg timestamp="20220607 00:23:59.417" level="FAIL">2022-06-07 != 2022-06-06</msg>
<status status="FAIL" starttime="20220607 00:23:59.417" endtime="20220607 00:23:59.418"/>
</kw>
<doc>PUT operation is successful</doc>
<status status="FAIL" starttime="20220607 00:23:59.412" endtime="20220607 00:23:59.418">2022-06-07 != 2022-06-06</status>
</test>
<status status="FAIL" starttime="20220607 00:23:58.940" endtime="20220607 00:23:59.419"/>
</suite>
<statistics>
<total>
<stat pass="3" fail="3" skip="0">All Tests</stat>
</total>
<tag>
</tag>
<suite>
<stat pass="3" fail="3" skip="0" id="s1" name="Reqresputupdate">Reqresputupdate</stat>
</suite>
</statistics>
<errors>
</errors>
</robot>
