<?xml version="1.0" encoding="UTF-8"?>
<robot generator="Robot 5.0.1 (Python 3.10.4 on win32)" generated="20220607 00:23:57.711" rpa="false" schemaversion="3">
<suite id="s1" name="Reqrespostregisterunsuccessful" source="C:\Users\vanit\PycharmProjects\CassiniSystemsInterview\Tests\reqrespostregisterunsuccessful.robot">
<test id="s1-t1" name="Verify register is unsuccesfull when supplied wrong emailid" line="9">
<kw name="POST" library="REST">
<var>${jsonGet}</var>
<arg>api/register</arg>
<arg>{ "email": "wrong.email@reqres.in", "password": "wrongpassword" }</arg>
<tag>http</tag>
<doc>*Sends a POST request to the endpoint.*</doc>
<msg timestamp="20220607 00:23:57.868" level="INFO">${jsonGet} = {'seconds': 0.093063, 'status': 400, 'reason': 'Bad Request', 'body': {'error': 'Note: Only defined users succeed registration'}, 'headers': {'Date': 'Mon, 06 Jun 2022 23:23:58 GMT', 'Content-Type': '...</msg>
<status status="PASS" starttime="20220607 00:23:57.769" endtime="20220607 00:23:57.868"/>
</kw>
<kw name="Get From Dictionary" library="Collections">
<var>${status}</var>
<arg>${jsonGet}</arg>
<arg>status</arg>
<doc>Returns a value from the given ``dictionary`` based on the given ``key``.</doc>
<msg timestamp="20220607 00:23:57.869" level="INFO">${status} = 400</msg>
<status status="PASS" starttime="20220607 00:23:57.869" endtime="20220607 00:23:57.869"/>
</kw>
<kw name="Should Be Equal As Strings" library="BuiltIn">
<arg>${status}</arg>
<arg>400</arg>
<doc>Fails if objects are unequal after converting them to strings.</doc>
<msg timestamp="20220607 00:23:57.870" level="INFO">Argument types are:
&lt;class 'int'&gt;
&lt;class 'str'&gt;</msg>
<status status="PASS" starttime="20220607 00:23:57.869" endtime="20220607 00:23:57.870"/>
</kw>
<kw name="Set Suite Variable" library="BuiltIn">
<arg>${jsonGet}</arg>
<doc>Makes a variable available everywhere within the scope of the current suite.</doc>
<msg timestamp="20220607 00:23:57.871" level="INFO">${jsonGet} = {'seconds': 0.093063, 'status': 400, 'reason': 'Bad Request', 'body': {'error': 'Note: Only defined users succeed registration'}, 'headers': {'Date': 'Mon, 06 Jun 2022 23:23:58 GMT', 'Content-Type': '...</msg>
<status status="PASS" starttime="20220607 00:23:57.870" endtime="20220607 00:23:57.871"/>
</kw>
<doc>Post login</doc>
<status status="PASS" starttime="20220607 00:23:57.768" endtime="20220607 00:23:57.871"/>
</test>
<test id="s1-t2" name="Verify returned error message as invalid user" line="16">
<kw name="Get From Dictionary" library="Collections">
<var>${body}</var>
<arg>${jsonGet}</arg>
<arg>body</arg>
<doc>Returns a value from the given ``dictionary`` based on the given ``key``.</doc>
<msg timestamp="20220607 00:23:57.873" level="INFO">${body} = {'error': 'Note: Only defined users succeed registration'}</msg>
<status status="PASS" starttime="20220607 00:23:57.873" endtime="20220607 00:23:57.873"/>
</kw>
<kw name="Should Be Equal" library="BuiltIn">
<arg>${body['error']}</arg>
<arg>Note: Only defined users succeed registration</arg>
<doc>Fails if the given objects are unequal.</doc>
<status status="PASS" starttime="20220607 00:23:57.873" endtime="20220607 00:23:57.875"/>
</kw>
<doc>check that user information being returened are greater than zero</doc>
<status status="PASS" starttime="20220607 00:23:57.872" endtime="20220607 00:23:57.875"/>
</test>
<test id="s1-t3" name="Verify register is unsuccesfull when supplied no password" line="21">
<kw name="POST" library="REST">
<var>${jsonGet}</var>
<arg>api/register</arg>
<arg>{ "email": "wrong.email@reqres.in"  }</arg>
<tag>http</tag>
<doc>*Sends a POST request to the endpoint.*</doc>
<msg timestamp="20220607 00:23:57.980" level="INFO">${jsonGet} = {'seconds': 0.097084, 'status': 400, 'reason': 'Bad Request', 'body': {'error': 'Missing password'}, 'headers': {'Date': 'Mon, 06 Jun 2022 23:23:58 GMT', 'Content-Type': 'application/json; charset=utf...</msg>
<status status="PASS" starttime="20220607 00:23:57.877" endtime="20220607 00:23:57.980"/>
</kw>
<kw name="Get From Dictionary" library="Collections">
<var>${status}</var>
<arg>${jsonGet}</arg>
<arg>status</arg>
<doc>Returns a value from the given ``dictionary`` based on the given ``key``.</doc>
<msg timestamp="20220607 00:23:57.981" level="INFO">${status} = 400</msg>
<status status="PASS" starttime="20220607 00:23:57.981" endtime="20220607 00:23:57.981"/>
</kw>
<kw name="Should Be Equal As Strings" library="BuiltIn">
<arg>${status}</arg>
<arg>400</arg>
<doc>Fails if objects are unequal after converting them to strings.</doc>
<msg timestamp="20220607 00:23:57.982" level="INFO">Argument types are:
&lt;class 'int'&gt;
&lt;class 'str'&gt;</msg>
<status status="PASS" starttime="20220607 00:23:57.982" endtime="20220607 00:23:57.982"/>
</kw>
<kw name="Set Suite Variable" library="BuiltIn">
<arg>${jsonGet}</arg>
<doc>Makes a variable available everywhere within the scope of the current suite.</doc>
<msg timestamp="20220607 00:23:57.983" level="INFO">${jsonGet} = {'seconds': 0.097084, 'status': 400, 'reason': 'Bad Request', 'body': {'error': 'Missing password'}, 'headers': {'Date': 'Mon, 06 Jun 2022 23:23:58 GMT', 'Content-Type': 'application/json; charset=utf...</msg>
<status status="PASS" starttime="20220607 00:23:57.983" endtime="20220607 00:23:57.984"/>
</kw>
<doc>Post login</doc>
<status status="PASS" starttime="20220607 00:23:57.876" endtime="20220607 00:23:57.984"/>
</test>
<test id="s1-t4" name="Verify returned error message as Missing Password" line="28">
<kw name="Get From Dictionary" library="Collections">
<var>${body}</var>
<arg>${jsonGet}</arg>
<arg>body</arg>
<doc>Returns a value from the given ``dictionary`` based on the given ``key``.</doc>
<msg timestamp="20220607 00:23:57.986" level="INFO">${body} = {'error': 'Missing password'}</msg>
<status status="PASS" starttime="20220607 00:23:57.985" endtime="20220607 00:23:57.986"/>
</kw>
<kw name="Should Be Equal" library="BuiltIn">
<arg>${body['error']}</arg>
<arg>Missing password</arg>
<doc>Fails if the given objects are unequal.</doc>
<status status="PASS" starttime="20220607 00:23:57.986" endtime="20220607 00:23:57.987"/>
</kw>
<doc>check that user information being returened are greater than zero</doc>
<status status="PASS" starttime="20220607 00:23:57.984" endtime="20220607 00:23:57.988"/>
</test>
<status status="PASS" starttime="20220607 00:23:57.713" endtime="20220607 00:23:57.989"/>
</suite>
<statistics>
<total>
<stat pass="4" fail="0" skip="0">All Tests</stat>
</total>
<tag>
</tag>
<suite>
<stat pass="4" fail="0" skip="0" id="s1" name="Reqrespostregisterunsuccessful">Reqrespostregisterunsuccessful</stat>
</suite>
</statistics>
<errors>
</errors>
</robot>
