<?xml version="1.0" encoding="UTF-8"?>
<robot generator="Robot 5.0.1 (Python 3.10.4 on win32)" generated="20220607 00:45:19.990" rpa="false" schemaversion="3">
<suite id="s1" name="Seleniumyahoologinwithexcelcredentials" source="C:\Users\vanit\PycharmProjects\CassiniSystemsInterview\Tests\seleniumyahoologinwithexcelcredentials.robot">
<test id="s1-t1" name="Get Login Credntials from Excel" line="8">
<kw name="Get Excel Credentials" library="yahoo">
<var>${credentials}</var>
<doc>read from excel credentials and login yahoo
:return: n/a</doc>
<msg timestamp="20220607 00:45:20.950" level="INFO">['username', 'password']
FirstTestLogin_12
[{'username': 'FirstTestLogin_12', 'password': 'TestAbc_12!'}, {'username': 'SecondTestLogin', 'password': 'TestAbc_12!'}, {'username': 'ThirdTestLogin', 'password': 'TestAbc_12!'}]</msg>
<msg timestamp="20220607 00:45:20.950" level="INFO">${credentials} = [{'username': 'FirstTestLogin_12', 'password': 'TestAbc_12!'}, {'username': 'SecondTestLogin', 'password': 'TestAbc_12!'}, {'username': 'ThirdTestLogin', 'password': 'TestAbc_12!'}]</msg>
<status status="PASS" starttime="20220607 00:45:20.941" endtime="20220607 00:45:20.950"/>
</kw>
<kw name="Set Suite Variable" library="BuiltIn">
<arg>${credentials}</arg>
<doc>Makes a variable available everywhere within the scope of the current suite.</doc>
<msg timestamp="20220607 00:45:20.951" level="INFO">${credentials} = [{'username': 'FirstTestLogin_12', 'password': 'TestAbc_12!'}, {'username': 'SecondTestLogin', 'password': 'TestAbc_12!'}, {'username': 'ThirdTestLogin', 'password': 'TestAbc_12!'}]</msg>
<status status="PASS" starttime="20220607 00:45:20.951" endtime="20220607 00:45:20.951"/>
</kw>
<doc>Get login credentials from excel</doc>
<status status="PASS" starttime="20220607 00:45:20.940" endtime="20220607 00:45:20.951"/>
</test>
<test id="s1-t2" name="Login with excel credentials login" line="13">
<kw name="Setup Driver" library="yahoo">
<arg>driverpath=C:/Users/vanit/Downloads/chromedriver_win32/chromedriver.exe</arg>
<doc>setup driver
:return: n/a</doc>
<status status="PASS" starttime="20220607 00:45:20.952" endtime="20220607 00:45:33.485"/>
</kw>
<kw name="Login" library="yahoo">
<arg>${credentials}[0]</arg>
<doc>login to yahoo
:return: n/a (error )</doc>
<status status="PASS" starttime="20220607 00:45:33.485" endtime="20220607 00:45:44.830"/>
</kw>
<kw name="Go To Market Data" library="yahoo">
<doc>navigate to Market Data section
:return:</doc>
<status status="PASS" starttime="20220607 00:45:44.830" endtime="20220607 00:45:56.336"/>
</kw>
<kw name="Read From Calendar Events" library="yahoo">
<var>${calenderEvents}</var>
<doc>read from calender and returns a dictonary of event calendar
:return: dictionary</doc>
<msg timestamp="20220607 00:45:56.938" level="INFO">${calenderEvents} = [{'startdatetime': '2022-06-05T00:00:00.000-04:00', 'economiceventcount': 27, 'ipoinfocount': 0, 'splitscount': 0, 'date': 5, 'month': 5, 'day': 0, 'year': 2022, 'earningscount': 0}, {'startdatetime':...</msg>
<status status="PASS" starttime="20220607 00:45:56.336" endtime="20220607 00:45:56.938"/>
</kw>
<kw name="Set Suite Variable" library="BuiltIn">
<arg>${calenderEvents}</arg>
<doc>Makes a variable available everywhere within the scope of the current suite.</doc>
<msg timestamp="20220607 00:45:56.939" level="INFO">${calenderEvents} = [{'startdatetime': '2022-06-05T00:00:00.000-04:00', 'economiceventcount': 27, 'ipoinfocount': 0, 'splitscount': 0, 'date': 5, 'month': 5, 'day': 0, 'year': 2022, 'earningscount': 0}, {'startdatetime':...</msg>
<status status="PASS" starttime="20220607 00:45:56.939" endtime="20220607 00:45:56.939"/>
</kw>
<kw name="Log" library="BuiltIn">
<arg>${calenderEvents}</arg>
<doc>Logs the given message with the given level.</doc>
<msg timestamp="20220607 00:45:56.940" level="INFO">[{'startdatetime': '2022-06-05T00:00:00.000-04:00', 'economiceventcount': 27, 'ipoinfocount': 0, 'splitscount': 0, 'date': 5, 'month': 5, 'day': 0, 'year': 2022, 'earningscount': 0}, {'startdatetime': '2022-06-06T00:00:00.000-04:00', 'economiceventcount': 45, 'ipoinfocount': 1, 'splitscount': 41, 'date': 6, 'month': 5, 'day': 1, 'year': 2022, 'earningscount': 24}, {'startdatetime': '2022-06-07T00:00:00.000-04:00', 'economiceventcount': 75, 'ipoinfocount': 2, 'splitscount': 36, 'date': 7, 'month': 5, 'day': 2, 'year': 2022, 'earningscount': 23}, {'startdatetime': '2022-06-08T00:00:00.000-04:00', 'economiceventcount': 87, 'ipoinfocount': 0, 'splitscount': 8, 'date': 8, 'month': 5, 'day': 3, 'year': 2022, 'earningscount': 24}, {'startdatetime': '2022-06-09T00:00:00.000-04:00', 'economiceventcount': 62, 'ipoinfocount': 0, 'splitscount': 3, 'date': 9, 'month': 5, 'day': 4, 'year': 2022, 'earningscount': 17}, {'startdatetime': '2022-06-10T00:00:00.000-04:00', 'economiceventcount': 74, 'ipoinfocount': 2, 'splitscount': 14, 'date': 10, 'month': 5, 'day': 5, 'year': 2022, 'earningscount': 1}, {'startdatetime': '2022-06-11T00:00:00.000-04:00', 'economiceventcount': 0, 'ipoinfocount': 0, 'splitscount': 0, 'date': 11, 'month': 5, 'day': 6, 'year': 2022, 'earningscount': 0}]</msg>
<status status="PASS" starttime="20220607 00:45:56.940" endtime="20220607 00:45:56.940"/>
</kw>
<kw name="Driver Close" library="yahoo">
<doc>close driver
:return: n/a</doc>
<status status="PASS" starttime="20220607 00:45:56.940" endtime="20220607 00:45:57.259"/>
</kw>
<doc>Test Steps to run logins</doc>
<status status="PASS" starttime="20220607 00:45:20.952" endtime="20220607 00:45:57.259"/>
</test>
<test id="s1-t3" name="Verify Unsuccessful login with excel credentials set 1" line="23">
<kw name="Setup Driver" library="yahoo">
<arg>driverpath=C:/Users/vanit/Downloads/chromedriver_win32/chromedriver.exe</arg>
<doc>setup driver
:return: n/a</doc>
<status status="PASS" starttime="20220607 00:45:59.605" endtime="20220607 00:46:12.600"/>
</kw>
<kw name="Log" library="BuiltIn">
<arg>${credentials}[1]</arg>
<doc>Logs the given message with the given level.</doc>
<msg timestamp="20220607 00:46:12.601" level="INFO">{'username': 'SecondTestLogin', 'password': 'TestAbc_12!'}</msg>
<status status="PASS" starttime="20220607 00:46:12.600" endtime="20220607 00:46:12.601"/>
</kw>
<kw name="Invalid Login" library="yahoo">
<var>${login}</var>
<arg>${credentials}[1]</arg>
<doc>invalid logins
:param credentials:
:return: str</doc>
<msg timestamp="20220607 00:46:21.027" level="INFO">${login} = login unsuccessful</msg>
<status status="PASS" starttime="20220607 00:46:12.602" endtime="20220607 00:46:21.027"/>
</kw>
<kw name="Should Be Equal" library="BuiltIn">
<arg>${login}</arg>
<arg>login unsuccessful</arg>
<doc>Fails if the given objects are unequal.</doc>
<status status="PASS" starttime="20220607 00:46:21.027" endtime="20220607 00:46:21.028"/>
</kw>
<kw name="Driver Close" library="yahoo">
<doc>close driver
:return: n/a</doc>
<status status="PASS" starttime="20220607 00:46:21.028" endtime="20220607 00:46:21.355"/>
</kw>
<doc>Test Steps to run logins</doc>
<status status="PASS" starttime="20220607 00:45:59.604" endtime="20220607 00:46:21.356"/>
</test>
<test id="s1-t4" name="Verify Unsuccessful login with excel credentials set 2" line="31">
<kw name="Setup Driver" library="yahoo">
<arg>driverpath=C:/Users/vanit/Downloads/chromedriver_win32/chromedriver.exe</arg>
<doc>setup driver
:return: n/a</doc>
<status status="PASS" starttime="20220607 00:46:23.540" endtime="20220607 00:46:34.227"/>
</kw>
<kw name="Log" library="BuiltIn">
<arg>${credentials}[1]</arg>
<doc>Logs the given message with the given level.</doc>
<msg timestamp="20220607 00:46:34.229" level="INFO">{'username': 'SecondTestLogin', 'password': 'TestAbc_12!'}</msg>
<status status="PASS" starttime="20220607 00:46:34.228" endtime="20220607 00:46:34.229"/>
</kw>
<kw name="Invalid Login" library="yahoo">
<var>${login}</var>
<arg>${credentials}[2]</arg>
<doc>invalid logins
:param credentials:
:return: str</doc>
<msg timestamp="20220607 00:46:45.734" level="INFO">${login} = login unsuccessful</msg>
<status status="PASS" starttime="20220607 00:46:34.230" endtime="20220607 00:46:45.734"/>
</kw>
<kw name="Should Be Equal" library="BuiltIn">
<arg>${login}</arg>
<arg>login unsuccessful</arg>
<doc>Fails if the given objects are unequal.</doc>
<status status="PASS" starttime="20220607 00:46:45.734" endtime="20220607 00:46:45.735"/>
</kw>
<kw name="Driver Close" library="yahoo">
<doc>close driver
:return: n/a</doc>
<status status="PASS" starttime="20220607 00:46:45.736" endtime="20220607 00:46:50.145"/>
</kw>
<doc>Test Steps to run logins</doc>
<status status="PASS" starttime="20220607 00:46:23.538" endtime="20220607 00:46:50.146"/>
</test>
<status status="PASS" starttime="20220607 00:45:19.993" endtime="20220607 00:46:52.330"/>
</suite>
<statistics>
<total>
<stat pass="4" fail="0" skip="0">All Tests</stat>
</total>
<tag>
</tag>
<suite>
<stat pass="4" fail="0" skip="0" id="s1" name="Seleniumyahoologinwithexcelcredentials">Seleniumyahoologinwithexcelcredentials</stat>
</suite>
</statistics>
<errors>
</errors>
</robot>
