<?xml version="1.0" encoding="UTF-8"?>
<robot generator="Robot 5.0.1 (Python 3.10.4 on win32)" generated="20220607 00:42:47.375" rpa="false" schemaversion="3">
<suite id="s1" name="Seleniumyahoocalenderevents" source="C:\Users\vanit\PycharmProjects\CassiniSystemsInterview\Tests\seleniumyahoocalenderevents.robot">
<test id="s1-t1" name="Test Steps Retreive Market Data Calendar Events" line="8">
<kw name="Setup Driver" library="yahoo">
<arg>driverpath=C:/Users/vanit/Downloads/chromedriver_win32/chromedriver.exe</arg>
<doc>setup driver
:return: n/a</doc>
<status status="PASS" starttime="20220607 00:42:48.325" endtime="20220607 00:42:59.642"/>
</kw>
<kw name="Login" library="yahoo">
<doc>login to yahoo
:return: n/a (error )</doc>
<status status="PASS" starttime="20220607 00:42:59.642" endtime="20220607 00:43:10.888"/>
</kw>
<kw name="Go To Market Data" library="yahoo">
<doc>navigate to Market Data section
:return:</doc>
<status status="PASS" starttime="20220607 00:43:10.889" endtime="20220607 00:43:22.849"/>
</kw>
<kw name="Read From Calendar Events" library="yahoo">
<var>${calenderEvents}</var>
<doc>read from calender and returns a dictonary of event calendar
:return: dictionary</doc>
<msg timestamp="20220607 00:43:23.569" level="INFO">${calenderEvents} = [{'startdatetime': '2022-06-05T00:00:00.000-04:00', 'economiceventcount': 27, 'ipoinfocount': 0, 'splitscount': 0, 'date': 5, 'month': 5, 'day': 0, 'year': 2022, 'earningscount': 0}, {'startdatetime':...</msg>
<status status="PASS" starttime="20220607 00:43:22.849" endtime="20220607 00:43:23.569"/>
</kw>
<kw name="Set Suite Variable" library="BuiltIn">
<arg>${calenderEvents}</arg>
<doc>Makes a variable available everywhere within the scope of the current suite.</doc>
<msg timestamp="20220607 00:43:23.571" level="INFO">${calenderEvents} = [{'startdatetime': '2022-06-05T00:00:00.000-04:00', 'economiceventcount': 27, 'ipoinfocount': 0, 'splitscount': 0, 'date': 5, 'month': 5, 'day': 0, 'year': 2022, 'earningscount': 0}, {'startdatetime':...</msg>
<status status="PASS" starttime="20220607 00:43:23.570" endtime="20220607 00:43:23.571"/>
</kw>
<kw name="Log" library="BuiltIn">
<arg>${calenderEvents}</arg>
<doc>Logs the given message with the given level.</doc>
<msg timestamp="20220607 00:43:23.572" level="INFO">[{'startdatetime': '2022-06-05T00:00:00.000-04:00', 'economiceventcount': 27, 'ipoinfocount': 0, 'splitscount': 0, 'date': 5, 'month': 5, 'day': 0, 'year': 2022, 'earningscount': 0}, {'startdatetime': '2022-06-06T00:00:00.000-04:00', 'economiceventcount': 45, 'ipoinfocount': 1, 'splitscount': 41, 'date': 6, 'month': 5, 'day': 1, 'year': 2022, 'earningscount': 24}, {'startdatetime': '2022-06-07T00:00:00.000-04:00', 'economiceventcount': 75, 'ipoinfocount': 2, 'splitscount': 36, 'date': 7, 'month': 5, 'day': 2, 'year': 2022, 'earningscount': 23}, {'startdatetime': '2022-06-08T00:00:00.000-04:00', 'economiceventcount': 87, 'ipoinfocount': 0, 'splitscount': 8, 'date': 8, 'month': 5, 'day': 3, 'year': 2022, 'earningscount': 24}, {'startdatetime': '2022-06-09T00:00:00.000-04:00', 'economiceventcount': 62, 'ipoinfocount': 0, 'splitscount': 3, 'date': 9, 'month': 5, 'day': 4, 'year': 2022, 'earningscount': 17}, {'startdatetime': '2022-06-10T00:00:00.000-04:00', 'economiceventcount': 74, 'ipoinfocount': 2, 'splitscount': 14, 'date': 10, 'month': 5, 'day': 5, 'year': 2022, 'earningscount': 1}, {'startdatetime': '2022-06-11T00:00:00.000-04:00', 'economiceventcount': 0, 'ipoinfocount': 0, 'splitscount': 0, 'date': 11, 'month': 5, 'day': 6, 'year': 2022, 'earningscount': 0}]</msg>
<status status="PASS" starttime="20220607 00:43:23.571" endtime="20220607 00:43:23.572"/>
</kw>
<kw name="Driver Close" library="yahoo">
<doc>close driver
:return: n/a</doc>
<status status="PASS" starttime="20220607 00:43:23.572" endtime="20220607 00:43:23.836"/>
</kw>
<doc>Test Steps Retreive Market Data Calendar Events</doc>
<status status="PASS" starttime="20220607 00:42:48.324" endtime="20220607 00:43:23.837"/>
</test>
<test id="s1-t2" name="verify calender events" line="18">
<for flavor="IN">
<var>${calEvents}</var>
<value>@{calenderEvents}</value>
<iter>
<var name="${calEvents}">{'startdatetime': '2022-06-05T00:00:00.000-04:00', 'economiceventcount': 27, 'ipoinfocount': 0, 'splitscount': 0, 'date': 5, 'month': 5, 'day': 0, 'year': 2022, 'earningscount': 0}</var>
<kw name="Log" library="BuiltIn">
<arg>${calEvents}</arg>
<doc>Logs the given message with the given level.</doc>
<msg timestamp="20220607 00:43:26.153" level="INFO">{'startdatetime': '2022-06-05T00:00:00.000-04:00', 'economiceventcount': 27, 'ipoinfocount': 0, 'splitscount': 0, 'date': 5, 'month': 5, 'day': 0, 'year': 2022, 'earningscount': 0}</msg>
<status status="PASS" starttime="20220607 00:43:26.152" endtime="20220607 00:43:26.154"/>
</kw>
<kw name="Should Be True" library="BuiltIn">
<arg>${calEvents['economiceventcount']} &gt;= 0</arg>
<doc>Fails if the given condition is not true.</doc>
<status status="PASS" starttime="20220607 00:43:26.154" endtime="20220607 00:43:26.157"/>
</kw>
<kw name="Should Be True" library="BuiltIn">
<arg>${calEvents['ipoinfocount']} &gt;= 0</arg>
<doc>Fails if the given condition is not true.</doc>
<status status="PASS" starttime="20220607 00:43:26.158" endtime="20220607 00:43:26.161"/>
</kw>
<kw name="Should Be True" library="BuiltIn">
<arg>${calEvents['splitscount']} &gt;= 0</arg>
<doc>Fails if the given condition is not true.</doc>
<status status="PASS" starttime="20220607 00:43:26.162" endtime="20220607 00:43:26.166"/>
</kw>
<kw name="Should Be True" library="BuiltIn">
<arg>${calEvents['earningscount']} &gt;= 0</arg>
<doc>Fails if the given condition is not true.</doc>
<status status="PASS" starttime="20220607 00:43:26.166" endtime="20220607 00:43:26.168"/>
</kw>
<status status="PASS" starttime="20220607 00:43:26.152" endtime="20220607 00:43:26.169"/>
</iter>
<iter>
<var name="${calEvents}">{'startdatetime': '2022-06-06T00:00:00.000-04:00', 'economiceventcount': 45, 'ipoinfocount': 1, 'splitscount': 41, 'date': 6, 'month': 5, 'day': 1, 'year': 2022, 'earningscount': 24}</var>
<kw name="Log" library="BuiltIn">
<arg>${calEvents}</arg>
<doc>Logs the given message with the given level.</doc>
<msg timestamp="20220607 00:43:26.170" level="INFO">{'startdatetime': '2022-06-06T00:00:00.000-04:00', 'economiceventcount': 45, 'ipoinfocount': 1, 'splitscount': 41, 'date': 6, 'month': 5, 'day': 1, 'year': 2022, 'earningscount': 24}</msg>
<status status="PASS" starttime="20220607 00:43:26.169" endtime="20220607 00:43:26.170"/>
</kw>
<kw name="Should Be True" library="BuiltIn">
<arg>${calEvents['economiceventcount']} &gt;= 0</arg>
<doc>Fails if the given condition is not true.</doc>
<status status="PASS" starttime="20220607 00:43:26.170" endtime="20220607 00:43:26.172"/>
</kw>
<kw name="Should Be True" library="BuiltIn">
<arg>${calEvents['ipoinfocount']} &gt;= 0</arg>
<doc>Fails if the given condition is not true.</doc>
<status status="PASS" starttime="20220607 00:43:26.172" endtime="20220607 00:43:26.174"/>
</kw>
<kw name="Should Be True" library="BuiltIn">
<arg>${calEvents['splitscount']} &gt;= 0</arg>
<doc>Fails if the given condition is not true.</doc>
<status status="PASS" starttime="20220607 00:43:26.175" endtime="20220607 00:43:26.177"/>
</kw>
<kw name="Should Be True" library="BuiltIn">
<arg>${calEvents['earningscount']} &gt;= 0</arg>
<doc>Fails if the given condition is not true.</doc>
<status status="PASS" starttime="20220607 00:43:26.177" endtime="20220607 00:43:26.179"/>
</kw>
<status status="PASS" starttime="20220607 00:43:26.169" endtime="20220607 00:43:26.179"/>
</iter>
<iter>
<var name="${calEvents}">{'startdatetime': '2022-06-07T00:00:00.000-04:00', 'economiceventcount': 75, 'ipoinfocount': 2, 'splitscount': 36, 'date': 7, 'month': 5, 'day': 2, 'year': 2022, 'earningscount': 23}</var>
<kw name="Log" library="BuiltIn">
<arg>${calEvents}</arg>
<doc>Logs the given message with the given level.</doc>
<msg timestamp="20220607 00:43:26.180" level="INFO">{'startdatetime': '2022-06-07T00:00:00.000-04:00', 'economiceventcount': 75, 'ipoinfocount': 2, 'splitscount': 36, 'date': 7, 'month': 5, 'day': 2, 'year': 2022, 'earningscount': 23}</msg>
<status status="PASS" starttime="20220607 00:43:26.180" endtime="20220607 00:43:26.181"/>
</kw>
<kw name="Should Be True" library="BuiltIn">
<arg>${calEvents['economiceventcount']} &gt;= 0</arg>
<doc>Fails if the given condition is not true.</doc>
<status status="PASS" starttime="20220607 00:43:26.181" endtime="20220607 00:43:26.183"/>
</kw>
<kw name="Should Be True" library="BuiltIn">
<arg>${calEvents['ipoinfocount']} &gt;= 0</arg>
<doc>Fails if the given condition is not true.</doc>
<status status="PASS" starttime="20220607 00:43:26.183" endtime="20220607 00:43:26.185"/>
</kw>
<kw name="Should Be True" library="BuiltIn">
<arg>${calEvents['splitscount']} &gt;= 0</arg>
<doc>Fails if the given condition is not true.</doc>
<status status="PASS" starttime="20220607 00:43:26.185" endtime="20220607 00:43:26.187"/>
</kw>
<kw name="Should Be True" library="BuiltIn">
<arg>${calEvents['earningscount']} &gt;= 0</arg>
<doc>Fails if the given condition is not true.</doc>
<status status="PASS" starttime="20220607 00:43:26.188" endtime="20220607 00:43:26.190"/>
</kw>
<status status="PASS" starttime="20220607 00:43:26.179" endtime="20220607 00:43:26.190"/>
</iter>
<iter>
<var name="${calEvents}">{'startdatetime': '2022-06-08T00:00:00.000-04:00', 'economiceventcount': 87, 'ipoinfocount': 0, 'splitscount': 8, 'date': 8, 'month': 5, 'day': 3, 'year': 2022, 'earningscount': 24}</var>
<kw name="Log" library="BuiltIn">
<arg>${calEvents}</arg>
<doc>Logs the given message with the given level.</doc>
<msg timestamp="20220607 00:43:26.191" level="INFO">{'startdatetime': '2022-06-08T00:00:00.000-04:00', 'economiceventcount': 87, 'ipoinfocount': 0, 'splitscount': 8, 'date': 8, 'month': 5, 'day': 3, 'year': 2022, 'earningscount': 24}</msg>
<status status="PASS" starttime="20220607 00:43:26.190" endtime="20220607 00:43:26.191"/>
</kw>
<kw name="Should Be True" library="BuiltIn">
<arg>${calEvents['economiceventcount']} &gt;= 0</arg>
<doc>Fails if the given condition is not true.</doc>
<status status="PASS" starttime="20220607 00:43:26.191" endtime="20220607 00:43:26.193"/>
</kw>
<kw name="Should Be True" library="BuiltIn">
<arg>${calEvents['ipoinfocount']} &gt;= 0</arg>
<doc>Fails if the given condition is not true.</doc>
<status status="PASS" starttime="20220607 00:43:26.194" endtime="20220607 00:43:26.196"/>
</kw>
<kw name="Should Be True" library="BuiltIn">
<arg>${calEvents['splitscount']} &gt;= 0</arg>
<doc>Fails if the given condition is not true.</doc>
<status status="PASS" starttime="20220607 00:43:26.196" endtime="20220607 00:43:26.197"/>
</kw>
<kw name="Should Be True" library="BuiltIn">
<arg>${calEvents['earningscount']} &gt;= 0</arg>
<doc>Fails if the given condition is not true.</doc>
<status status="PASS" starttime="20220607 00:43:26.198" endtime="20220607 00:43:26.199"/>
</kw>
<status status="PASS" starttime="20220607 00:43:26.190" endtime="20220607 00:43:26.199"/>
</iter>
<iter>
<var name="${calEvents}">{'startdatetime': '2022-06-09T00:00:00.000-04:00', 'economiceventcount': 62, 'ipoinfocount': 0, 'splitscount': 3, 'date': 9, 'month': 5, 'day': 4, 'year': 2022, 'earningscount': 17}</var>
<kw name="Log" library="BuiltIn">
<arg>${calEvents}</arg>
<doc>Logs the given message with the given level.</doc>
<msg timestamp="20220607 00:43:26.199" level="INFO">{'startdatetime': '2022-06-09T00:00:00.000-04:00', 'economiceventcount': 62, 'ipoinfocount': 0, 'splitscount': 3, 'date': 9, 'month': 5, 'day': 4, 'year': 2022, 'earningscount': 17}</msg>
<status status="PASS" starttime="20220607 00:43:26.199" endtime="20220607 00:43:26.199"/>
</kw>
<kw name="Should Be True" library="BuiltIn">
<arg>${calEvents['economiceventcount']} &gt;= 0</arg>
<doc>Fails if the given condition is not true.</doc>
<status status="PASS" starttime="20220607 00:43:26.200" endtime="20220607 00:43:26.201"/>
</kw>
<kw name="Should Be True" library="BuiltIn">
<arg>${calEvents['ipoinfocount']} &gt;= 0</arg>
<doc>Fails if the given condition is not true.</doc>
<status status="PASS" starttime="20220607 00:43:26.201" endtime="20220607 00:43:26.202"/>
</kw>
<kw name="Should Be True" library="BuiltIn">
<arg>${calEvents['splitscount']} &gt;= 0</arg>
<doc>Fails if the given condition is not true.</doc>
<status status="PASS" starttime="20220607 00:43:26.202" endtime="20220607 00:43:26.203"/>
</kw>
<kw name="Should Be True" library="BuiltIn">
<arg>${calEvents['earningscount']} &gt;= 0</arg>
<doc>Fails if the given condition is not true.</doc>
<status status="PASS" starttime="20220607 00:43:26.204" endtime="20220607 00:43:26.205"/>
</kw>
<status status="PASS" starttime="20220607 00:43:26.199" endtime="20220607 00:43:26.205"/>
</iter>
<iter>
<var name="${calEvents}">{'startdatetime': '2022-06-10T00:00:00.000-04:00', 'economiceventcount': 74, 'ipoinfocount': 2, 'splitscount': 14, 'date': 10, 'month': 5, 'day': 5, 'year': 2022, 'earningscount': 1}</var>
<kw name="Log" library="BuiltIn">
<arg>${calEvents}</arg>
<doc>Logs the given message with the given level.</doc>
<msg timestamp="20220607 00:43:26.205" level="INFO">{'startdatetime': '2022-06-10T00:00:00.000-04:00', 'economiceventcount': 74, 'ipoinfocount': 2, 'splitscount': 14, 'date': 10, 'month': 5, 'day': 5, 'year': 2022, 'earningscount': 1}</msg>
<status status="PASS" starttime="20220607 00:43:26.205" endtime="20220607 00:43:26.205"/>
</kw>
<kw name="Should Be True" library="BuiltIn">
<arg>${calEvents['economiceventcount']} &gt;= 0</arg>
<doc>Fails if the given condition is not true.</doc>
<status status="PASS" starttime="20220607 00:43:26.205" endtime="20220607 00:43:26.206"/>
</kw>
<kw name="Should Be True" library="BuiltIn">
<arg>${calEvents['ipoinfocount']} &gt;= 0</arg>
<doc>Fails if the given condition is not true.</doc>
<status status="PASS" starttime="20220607 00:43:26.207" endtime="20220607 00:43:26.208"/>
</kw>
<kw name="Should Be True" library="BuiltIn">
<arg>${calEvents['splitscount']} &gt;= 0</arg>
<doc>Fails if the given condition is not true.</doc>
<status status="PASS" starttime="20220607 00:43:26.208" endtime="20220607 00:43:26.209"/>
</kw>
<kw name="Should Be True" library="BuiltIn">
<arg>${calEvents['earningscount']} &gt;= 0</arg>
<doc>Fails if the given condition is not true.</doc>
<status status="PASS" starttime="20220607 00:43:26.209" endtime="20220607 00:43:26.210"/>
</kw>
<status status="PASS" starttime="20220607 00:43:26.205" endtime="20220607 00:43:26.210"/>
</iter>
<iter>
<var name="${calEvents}">{'startdatetime': '2022-06-11T00:00:00.000-04:00', 'economiceventcount': 0, 'ipoinfocount': 0, 'splitscount': 0, 'date': 11, 'month': 5, 'day': 6, 'year': 2022, 'earningscount': 0}</var>
<kw name="Log" library="BuiltIn">
<arg>${calEvents}</arg>
<doc>Logs the given message with the given level.</doc>
<msg timestamp="20220607 00:43:26.211" level="INFO">{'startdatetime': '2022-06-11T00:00:00.000-04:00', 'economiceventcount': 0, 'ipoinfocount': 0, 'splitscount': 0, 'date': 11, 'month': 5, 'day': 6, 'year': 2022, 'earningscount': 0}</msg>
<status status="PASS" starttime="20220607 00:43:26.211" endtime="20220607 00:43:26.211"/>
</kw>
<kw name="Should Be True" library="BuiltIn">
<arg>${calEvents['economiceventcount']} &gt;= 0</arg>
<doc>Fails if the given condition is not true.</doc>
<status status="PASS" starttime="20220607 00:43:26.211" endtime="20220607 00:43:26.212"/>
</kw>
<kw name="Should Be True" library="BuiltIn">
<arg>${calEvents['ipoinfocount']} &gt;= 0</arg>
<doc>Fails if the given condition is not true.</doc>
<status status="PASS" starttime="20220607 00:43:26.213" endtime="20220607 00:43:26.214"/>
</kw>
<kw name="Should Be True" library="BuiltIn">
<arg>${calEvents['splitscount']} &gt;= 0</arg>
<doc>Fails if the given condition is not true.</doc>
<status status="PASS" starttime="20220607 00:43:26.214" endtime="20220607 00:43:26.215"/>
</kw>
<kw name="Should Be True" library="BuiltIn">
<arg>${calEvents['earningscount']} &gt;= 0</arg>
<doc>Fails if the given condition is not true.</doc>
<status status="PASS" starttime="20220607 00:43:26.215" endtime="20220607 00:43:26.217"/>
</kw>
<status status="PASS" starttime="20220607 00:43:26.211" endtime="20220607 00:43:26.217"/>
</iter>
<status status="PASS" starttime="20220607 00:43:26.151" endtime="20220607 00:43:26.217"/>
</for>
<doc>verify calendar events</doc>
<status status="PASS" starttime="20220607 00:43:26.150" endtime="20220607 00:43:26.217"/>
</test>
<status status="PASS" starttime="20220607 00:42:47.379" endtime="20220607 00:43:26.217"/>
</suite>
<statistics>
<total>
<stat pass="2" fail="0" skip="0">All Tests</stat>
</total>
<tag>
</tag>
<suite>
<stat pass="2" fail="0" skip="0" id="s1" name="Seleniumyahoocalenderevents">Seleniumyahoocalenderevents</stat>
</suite>
</statistics>
<errors>
</errors>
</robot>
